00000000000i[     ] Bochs x86 Emulator 2.3.5
00000000000i[     ]   Build from CVS snapshot, on September 16, 2007
00000000000i[     ] System configuration
00000000000i[     ]   processors: 1 (cores=1, HT threads=1)
00000000000i[     ]   A20 line support: yes
00000000000i[     ]   APIC support: no
00000000000i[     ] CPU configuration
00000000000i[     ]   level: 5
00000000000i[     ]   TLB enabled: yes
00000000000i[     ]   SMP support: no
00000000000i[     ]   FPU support: yes
00000000000i[     ]   MMX support: yes
00000000000i[     ]   SSE support: no
00000000000i[     ]   CLFLUSH support: no
00000000000i[     ]   v8086 mode support: yes
00000000000i[     ]   VME support: yes
00000000000i[     ]   3dnow! support: no
00000000000i[     ]   PAE support: no
00000000000i[     ]   PGE support: no
00000000000i[     ]   PSE support: yes
00000000000i[     ]   x86-64 support: no
00000000000i[     ]   SEP support: no
00000000000i[     ] Optimization configuration
00000000000i[     ]   Guest2HostTLB support: yes
00000000000i[     ]   RepeatSpeedups support: yes
00000000000i[     ]   Icache support: yes
00000000000i[     ]   Host Asm support: yes
00000000000i[     ]   Fast function calls: yes
00000000000i[     ] Devices configuration
00000000000i[     ]   NE2000 support: no
00000000000i[     ]   PCI support: no
00000000000i[     ]   SB16 support: no
00000000000i[     ]   USB support: no
00000000000i[     ]   VGA extension support: vbe 
00000000000i[MEM0 ] allocated memory at 0x7f48ce42f010. after alignment, vector=0x7f48ce430000
00000000000i[MEM0 ] 32.00MB
00000000000i[MEM0 ] rom at 0xfffe0000/131072 ('/usr/local/share/bochs/bios/BIOS-bochs-latest')
00000000000i[MEM0 ] rom at 0xc0000/38400 ('/usr/local/share/bochs/bios/VGABIOS-lgpl-latest')
00000000000i[CMOS ] Using local time for initial clock
00000000000i[CMOS ] Setting initial clock to: Sat Feb  2 02:10:10 2013 (time0=1359742210)
00000000000i[DMA  ] channel 4 used by cascade
00000000000i[DMA  ] channel 2 used by Floppy Drive
00000000000i[FDD  ] fd0: 'freedos.img' ro=0, h=2,t=80,spt=18
00000000000i[FDD  ] fd1: 'pm.img' ro=0, h=2,t=80,spt=18
00000000000i[MEM0 ] Register memory access handlers: 000a0000-000bffff
00000000000i[XGUI ] test_alloc_colors: 16 colors available out of 16 colors tried
00000000000i[XGUI ] font 8 wide x 16 high, display depth = 24
00000000000i[KMAP ] Loading keymap from '/usr/local/share/bochs/keymaps/x11-pc-us.map'
00000000000i[KMAP ] Loaded 168 symbols
00000000000i[VGA  ] interval=40000
00000000000i[MEM0 ] Register memory access handlers: e0000000-e07fffff
00000000000i[VGA  ] VBE Bochs Display Extension Enabled
00000000000i[     ] init_mem of 'harddrv' plugin device by virtual method
00000000000i[     ] init_mem of 'keyboard' plugin device by virtual method
00000000000i[     ] init_mem of 'serial' plugin device by virtual method
00000000000i[     ] init_mem of 'parallel' plugin device by virtual method
00000000000i[     ] init_mem of 'extfpuirq' plugin device by virtual method
00000000000i[     ] init_mem of 'speaker' plugin device by virtual method
00000000000i[     ] init_dev of 'harddrv' plugin device by virtual method
00000000000i[HD   ] Using boot sequence floppy, none, none
00000000000i[HD   ] Floppy boot signature check is enabled
00000000000i[     ] init_dev of 'keyboard' plugin device by virtual method
00000000000i[KBD  ] will paste characters every 1000 keyboard ticks
00000000000i[     ] init_dev of 'serial' plugin device by virtual method
00000000000i[SER  ] com1 at 0x03f8 irq 4
00000000000i[     ] init_dev of 'parallel' plugin device by virtual method
00000000000i[PAR  ] parallel port 1 at 0x0378 irq 7
00000000000i[     ] init_dev of 'extfpuirq' plugin device by virtual method
00000000000i[     ] init_dev of 'speaker' plugin device by virtual method
00000000000i[SPEAK] Failed to open /dev/console: 资源暂时不可用
00000000000i[SPEAK] Deactivating beep on console
00000000000i[     ] register state of 'harddrv' plugin device by virtual method
00000000000i[     ] register state of 'keyboard' plugin device by virtual method
00000000000i[     ] register state of 'serial' plugin device by virtual method
00000000000i[     ] register state of 'parallel' plugin device by virtual method
00000000000i[     ] register state of 'extfpuirq' plugin device by virtual method
00000000000i[     ] register state of 'speaker' plugin device by virtual method
00000000000i[SYS  ] bx_pc_system_c::Reset(HARDWARE) called
00000000000i[     ] reset of 'harddrv' plugin device by virtual method
00000000000i[     ] reset of 'keyboard' plugin device by virtual method
00000000000i[     ] reset of 'serial' plugin device by virtual method
00000000000i[     ] reset of 'parallel' plugin device by virtual method
00000000000i[     ] reset of 'extfpuirq' plugin device by virtual method
00000000000i[     ] reset of 'speaker' plugin device by virtual method
00000000000i[XGUI ] [x] Mouse off
00000000000i[     ] set SIGINT handler to bx_debug_ctrlc_handler
00000003569i[BIOS ] $Revision: 1.183 $ $Date: 2007/09/10 20:00:29 $
00000080000e[VGA  ] character height = 1, skipping text update
00000160000e[VGA  ] character height = 1, skipping text update
00000240000e[VGA  ] character height = 1, skipping text update
00000318053i[KBD  ] reset-disable command received
00000320000e[VGA  ] character height = 1, skipping text update
00000352733i[BIOS ] Starting rombios32
00000353556i[BIOS ] ram_size=0x02000000
00000354165i[BIOS ] Found 1 cpu(s)
00000400000e[VGA  ] character height = 1, skipping text update
00000480000e[VGA  ] character height = 1, skipping text update
00000560000e[VGA  ] character height = 1, skipping text update
00000640000e[VGA  ] character height = 1, skipping text update
00000641438i[VBIOS] VGABios $Id: vgabios.c,v 1.66 2006/07/10 07:47:51 vruppert Exp $
00000641509i[VGA  ] VBE known Display Interface b0c0
00000641541i[VGA  ] VBE known Display Interface b0c4
00000644466i[VBIOS] VBE Bios $Id: vbe.c,v 1.58 2006/08/19 09:39:43 vruppert Exp $
00000720000i[XGUI ] charmap update. Font Height is 16
00000800000i[XGUI ] charmap update. Font Height is 16
00001088712i[BIOS ] Booting from 0000:7C00
00005114512i[BIOS ] int13_harddisk: function 00, unmapped device for ELDL=80
00005119766i[BIOS ] int13_harddisk: function 08, unmapped device for ELDL=80
26333002000p[XGUI ] >>PANIC<< POWER button turned off.
26333002000i[CPU  ] real mode
26333002000i[CPU  ] CS.d_b = 16 bit
26333002000i[CPU  ] SS.d_b = 16 bit
26333002000i[CPU  ] | EAX=00001536  EBX=00000006  ECX=00000000  EDX=000013fd
26333002000i[CPU  ] | ESP=00000a5a  EBP=00000a64  ESI=ffff0000  EDI=0008202a
26333002000i[CPU  ] | IOPL=0 id vip vif ac vm rf nt of df IF tf sf zf AF PF cf
26333002000i[CPU  ] | SEG selector     base    limit G D
26333002000i[CPU  ] | SEG sltr(index|ti|rpl)     base    limit G D
26333002000i[CPU  ] |  CS:0060( 0004| 0|  0) 00000600 0000ffff 0 0
26333002000i[CPU  ] |  DS:0e27( 0005| 0|  0) 0000e270 0000ffff 0 0
26333002000i[CPU  ] |  SS:0e27( 0005| 0|  0) 0000e270 0000ffff 0 0
26333002000i[CPU  ] |  ES:13fd( 0005| 0|  0) 00013fd0 0000ffff 0 0
26333002000i[CPU  ] |  FS:0000( 0005| 0|  0) 00000000 0000ffff 0 0
26333002000i[CPU  ] |  GS:0000( 0005| 0|  0) 00000000 0000ffff 0 0
26333002000i[CPU  ] | EIP=000010ef (000010ef)
26333002000i[CPU  ] | CR0=0x00000010 CR1=0 CR2=0x00000000
26333002000i[CPU  ] | CR3=0x00000000 CR4=0x00000000
26333002000i[CPU  ] >> les bx, ss:[bp+0xfffc] : C45EFC
26333002000i[CMOS ] Last time is 1359754603 (Sat Feb  2 05:36:43 2013)
26333002000i[XGUI ] Exit.
26333002000i[CTRL ] quit_sim called with exit code 1
it code 1
